-------------------------------------------------------------------------------
Test set: RunnerTest
-------------------------------------------------------------------------------
Tests run: 163, Failures: 2, Errors: 6, Skipped: 0, Time elapsed: 1,416.599 sec <<< FAILURE!
And Only the quotes created by me and the ones created for my company should be visible(Scenario: creating an order quote by logged in as an agent and verifying all required fields are visible on the quote screen)  Time elapsed: 0.005 sec  <<< FAILURE!
java.lang.AssertionError
	at org.junit.Assert.fail(Assert.java:86)
	at org.junit.Assert.assertTrue(Assert.java:41)
	at org.junit.Assert.assertTrue(Assert.java:52)
	at com.unionstreet.NxTier.support.ElementUtils.searchAndAssertTextPresent(ElementUtils.java:246)
	at com.unionstreet.NxTier.pages.OrdersManagerPage.assertQuote(OrdersManagerPage.java:126)
	at com.unionstreet.NxTier.stepDefs.WLR3.NA39_BDD_Scenarios_Creation_Of_User_Agent_Reseller_permissions_stepdefs.onlyTheQuotesCreatedByMeAndTheOnesCreatedForMyCompanyShouldBeVisible(NA39_BDD_Scenarios_Creation_Of_User_Agent_Reseller_permissions_stepdefs.java:140)
	at ?.And Only the quotes created by me and the ones created for my company should be visible(com/unionstreet/NxTier/com.unionstreet.NxTier.WLR3.feature/NA39_BDD_Scenarios_Creation_Of_User_Agent_Reseller_permissions.feature:36)

Scenario: creating an order quote by logged in as an agent and verifying all required fields are visible on the quote screen  Time elapsed: 0.005 sec  <<< FAILURE!
java.lang.AssertionError
	at org.junit.Assert.fail(Assert.java:86)
	at org.junit.Assert.assertTrue(Assert.java:41)
	at org.junit.Assert.assertTrue(Assert.java:52)
	at com.unionstreet.NxTier.support.ElementUtils.searchAndAssertTextPresent(ElementUtils.java:246)
	at com.unionstreet.NxTier.pages.OrdersManagerPage.assertQuote(OrdersManagerPage.java:126)
	at com.unionstreet.NxTier.stepDefs.WLR3.NA39_BDD_Scenarios_Creation_Of_User_Agent_Reseller_permissions_stepdefs.onlyTheQuotesCreatedByMeAndTheOnesCreatedForMyCompanyShouldBeVisible(NA39_BDD_Scenarios_Creation_Of_User_Agent_Reseller_permissions_stepdefs.java:140)
	at ?.And Only the quotes created by me and the ones created for my company should be visible(com/unionstreet/NxTier/com.unionstreet.NxTier.WLR3.feature/NA39_BDD_Scenarios_Creation_Of_User_Agent_Reseller_permissions.feature:36)

Then The charge should be visible in the back end(Scenario: laying addOnActivation charge for quote created by CP)  Time elapsed: 0 sec  <<< ERROR!
java.lang.NullPointerException
	at com.unionstreet.NxTier.pages.OrdersManagerPage.assertThereIsCharge(OrdersManagerPage.java:346)
	at com.unionstreet.NxTier.stepDefs.WLR3.NA53_laying_AddOnActivation_charge_forCP_Agent_reseller_stepDefs.theChargeShouldBeVisibleInTheBackEnd(NA53_laying_AddOnActivation_charge_forCP_Agent_reseller_stepDefs.java:35)
	at ?.Then The charge should be visible in the back end(com/unionstreet/NxTier/com.unionstreet.NxTier.WLR3.feature/NA53_laying_AddOnActivation_charge_forCP_Agent_reseller.feature:8)

Scenario: laying addOnActivation charge for quote created by CP  Time elapsed: 0 sec  <<< ERROR!
java.lang.NullPointerException
	at com.unionstreet.NxTier.pages.OrdersManagerPage.assertThereIsCharge(OrdersManagerPage.java:346)
	at com.unionstreet.NxTier.stepDefs.WLR3.NA53_laying_AddOnActivation_charge_forCP_Agent_reseller_stepDefs.theChargeShouldBeVisibleInTheBackEnd(NA53_laying_AddOnActivation_charge_forCP_Agent_reseller_stepDefs.java:35)
	at ?.Then The charge should be visible in the back end(com/unionstreet/NxTier/com.unionstreet.NxTier.WLR3.feature/NA53_laying_AddOnActivation_charge_forCP_Agent_reseller.feature:8)

Then The charge should be visible in the back end(Scenario: laying addOnActivation charge for quote created by agent)  Time elapsed: 0 sec  <<< ERROR!
java.lang.NullPointerException
	at com.unionstreet.NxTier.pages.OrdersManagerPage.assertThereIsCharge(OrdersManagerPage.java:346)
	at com.unionstreet.NxTier.stepDefs.WLR3.NA53_laying_AddOnActivation_charge_forCP_Agent_reseller_stepDefs.theChargeShouldBeVisibleInTheBackEnd(NA53_laying_AddOnActivation_charge_forCP_Agent_reseller_stepDefs.java:35)
	at ?.Then The charge should be visible in the back end(com/unionstreet/NxTier/com.unionstreet.NxTier.WLR3.feature/NA53_laying_AddOnActivation_charge_forCP_Agent_reseller.feature:15)

Scenario: laying addOnActivation charge for quote created by agent  Time elapsed: 0 sec  <<< ERROR!
java.lang.NullPointerException
	at com.unionstreet.NxTier.pages.OrdersManagerPage.assertThereIsCharge(OrdersManagerPage.java:346)
	at com.unionstreet.NxTier.stepDefs.WLR3.NA53_laying_AddOnActivation_charge_forCP_Agent_reseller_stepDefs.theChargeShouldBeVisibleInTheBackEnd(NA53_laying_AddOnActivation_charge_forCP_Agent_reseller_stepDefs.java:35)
	at ?.Then The charge should be visible in the back end(com/unionstreet/NxTier/com.unionstreet.NxTier.WLR3.feature/NA53_laying_AddOnActivation_charge_forCP_Agent_reseller.feature:15)

Then The charge should be visible in the back end(Scenario: laying addOnActivation charge for quote created by reseller)  Time elapsed: 0 sec  <<< ERROR!
java.lang.NullPointerException
	at com.unionstreet.NxTier.pages.OrdersManagerPage.assertThereIsCharge(OrdersManagerPage.java:346)
	at com.unionstreet.NxTier.stepDefs.WLR3.NA53_laying_AddOnActivation_charge_forCP_Agent_reseller_stepDefs.theChargeShouldBeVisibleInTheBackEnd(NA53_laying_AddOnActivation_charge_forCP_Agent_reseller_stepDefs.java:35)
	at ?.Then The charge should be visible in the back end(com/unionstreet/NxTier/com.unionstreet.NxTier.WLR3.feature/NA53_laying_AddOnActivation_charge_forCP_Agent_reseller.feature:22)

Scenario: laying addOnActivation charge for quote created by reseller  Time elapsed: 0 sec  <<< ERROR!
java.lang.NullPointerException
	at com.unionstreet.NxTier.pages.OrdersManagerPage.assertThereIsCharge(OrdersManagerPage.java:346)
	at com.unionstreet.NxTier.stepDefs.WLR3.NA53_laying_AddOnActivation_charge_forCP_Agent_reseller_stepDefs.theChargeShouldBeVisibleInTheBackEnd(NA53_laying_AddOnActivation_charge_forCP_Agent_reseller_stepDefs.java:35)
	at ?.Then The charge should be visible in the back end(com/unionstreet/NxTier/com.unionstreet.NxTier.WLR3.feature/NA53_laying_AddOnActivation_charge_forCP_Agent_reseller.feature:22)

