-------------------------------------------------------------------------------
Test set: RunnerTest
-------------------------------------------------------------------------------
Tests run: 5, Failures: 0, Errors: 2, Skipped: 0, Time elapsed: 48.464 sec <<< FAILURE!
Then The charge should be visible in the back end(Scenario: laying addOnActivation charge for quote created by CP)  Time elapsed: 0.001 sec  <<< ERROR!
java.lang.NullPointerException
	at com.unionstreet.NxTier.pages.OrdersManagerPage.assertThereIsCharge(OrdersManagerPage.java:315)
	at com.unionstreet.NxTier.stepDefs.WLR3.NA53_laying_AddOnActivation_charge_forCP_Agent_reseller_stepDefs.theChargeShouldBeVisibleInTheBackEnd(NA53_laying_AddOnActivation_charge_forCP_Agent_reseller_stepDefs.java:35)
	at ?.Then The charge should be visible in the back end(com/unionstreet/NxTier/com.unionstreet.NxTier.WLR3.feature/NA53_laying_AddOnActivation_charge_forCP_Agent_reseller.feature:8)

Scenario: laying addOnActivation charge for quote created by CP  Time elapsed: 0.002 sec  <<< ERROR!
java.lang.NullPointerException
	at com.unionstreet.NxTier.pages.OrdersManagerPage.assertThereIsCharge(OrdersManagerPage.java:315)
	at com.unionstreet.NxTier.stepDefs.WLR3.NA53_laying_AddOnActivation_charge_forCP_Agent_reseller_stepDefs.theChargeShouldBeVisibleInTheBackEnd(NA53_laying_AddOnActivation_charge_forCP_Agent_reseller_stepDefs.java:35)
	at ?.Then The charge should be visible in the back end(com/unionstreet/NxTier/com.unionstreet.NxTier.WLR3.feature/NA53_laying_AddOnActivation_charge_forCP_Agent_reseller.feature:8)

