<?xml version="1.0" encoding="UTF-8" ?>
<testsuite tests="5" failures="0" name="RunnerTest" time="0.007" errors="2" skipped="0">
  <properties>
[...]
</properties>
  <testcase classname="Scenario: laying addOnActivation charge for quote created by CP" name="Given I am logged in as CP" time="0.004"/>
  <testcase classname="Scenario: laying addOnActivation charge for quote created by CP" name="And I create a new quote and add a service with addOnActivation charge" time="0"/>
  <testcase classname="Scenario: laying addOnActivation charge for quote created by CP" name="When I run SQL query" time="0"/>
  <testcase classname="Scenario: laying addOnActivation charge for quote created by CP" name="Then The charge should be visible in the back end" time="0.001">
    <error type="java.lang.NullPointerException">java.lang.NullPointerException
	at com.unionstreet.NxTier.pages.OrdersManagerPage.assertThereIsCharge(OrdersManagerPage.java:315)
	at com.unionstreet.NxTier.stepDefs.WLR3.NA53_laying_AddOnActivation_charge_forCP_Agent_reseller_stepDefs.theChargeShouldBeVisibleInTheBackEnd(NA53_laying_AddOnActivation_charge_forCP_Agent_reseller_stepDefs.java:35)
	at ✽.Then The charge should be visible in the back end(com/unionstreet/NxTier/com.unionstreet.NxTier.WLR3.feature/NA53_laying_AddOnActivation_charge_forCP_Agent_reseller.feature:8)
</error>
  </testcase>
  <testcase classname="Scenario: laying addOnActivation charge for quote created by CP" name="Scenario: laying addOnActivation charge for quote created by CP" time="0.002">
    <error type="java.lang.NullPointerException">java.lang.NullPointerException
	at com.unionstreet.NxTier.pages.OrdersManagerPage.assertThereIsCharge(OrdersManagerPage.java:315)
	at com.unionstreet.NxTier.stepDefs.WLR3.NA53_laying_AddOnActivation_charge_forCP_Agent_reseller_stepDefs.theChargeShouldBeVisibleInTheBackEnd(NA53_laying_AddOnActivation_charge_forCP_Agent_reseller_stepDefs.java:35)
	at ✽.Then The charge should be visible in the back end(com/unionstreet/NxTier/com.unionstreet.NxTier.WLR3.feature/NA53_laying_AddOnActivation_charge_forCP_Agent_reseller.feature:8)
</error>
  </testcase>
</testsuite>